
Showing logs for build [32mcb-kubecd-bdd-gh-1568235992-pr-1[0m stage [32mmeta-pipeline[0m and container [32mstep-credential-initializer-w8w6r[0m
{"level":"warn","ts":1568236232.5042422,"logger":"fallback-logger","caller":"logging/config.go:69","msg":"Fetch GitHub commit ID from kodata failed: \"ref: refs/heads/master\" is not a valid GitHub commit ID"}
{"level":"info","ts":1568236232.505041,"logger":"fallback-logger","caller":"creds-init/main.go:40","msg":"Credentials initialized."}

Showing logs for build [32mcb-kubecd-bdd-gh-1568235992-pr-1[0m stage [32mmeta-pipeline[0m and container [32mstep-working-dir-initializer-cwht5[0m
{"level":"warn","ts":1568236233.4700482,"logger":"fallback-logger","caller":"logging/config.go:69","msg":"Fetch GitHub commit ID from kodata failed: open /var/run/ko/HEAD: no such file or directory"}
{"level":"info","ts":1568236233.4762194,"logger":"fallback-logger","caller":"bash/main.go:65","msg":"Successfully executed command \"mkdir -p /workspace/source\""}

Showing logs for build [32mcb-kubecd-bdd-gh-1568235992-pr-1[0m stage [32mmeta-pipeline[0m and container [32mstep-place-tools[0m

Showing logs for build [32mcb-kubecd-bdd-gh-1568235992-pr-1[0m stage [32mmeta-pipeline[0m and container [32mstep-git-source-meta-cb-kubecd-bdd-gh-156823599-v5pxg[0m
{"level":"warn","ts":1568236239.5752804,"logger":"fallback-logger","caller":"logging/config.go:69","msg":"Fetch GitHub commit ID from kodata failed: \"ref: refs/heads/master\" is not a valid GitHub commit ID"}
{"level":"info","ts":1568236240.6424797,"logger":"fallback-logger","caller":"git/git.go:102","msg":"Successfully cloned https://github.com/cb-kubecd/bdd-gh-1568235992.git @ c18308e015f72397e02b8f7aa176441e71b4a164 in path /workspace/source"}

Showing logs for build [32mcb-kubecd-bdd-gh-1568235992-pr-1[0m stage [32mmeta-pipeline[0m and container [32mstep-git-merge[0m
Using SHAs from PULL_REFS=master:c18308e015f72397e02b8f7aa176441e71b4a164,1:afc5811d791c59d6e0ad3682e76a7a85a1363a33
DEBUG: ran git fetch --unshallow origin afc5811d791c59d6e0ad3682e76a7a85a1363a33: c18308e015f72397e02b8f7aa176441e71b4a164: in 
DEBUG: ran git checkout master in 
DEBUG: ran git reset --hard c18308e015f72397e02b8f7aa176441e71b4a164 in 
DEBUG: ran clean --force -d . in 
DEBUG: ran git merge afc5811d791c59d6e0ad3682e76a7a85a1363a33 in 
Merged SHA afc5811d791c59d6e0ad3682e76a7a85a1363a33 with commit message 'My first PR commit' into base branch master

Showing logs for build [32mcb-kubecd-bdd-gh-1568235992-pr-1[0m stage [32mmeta-pipeline[0m and container [32mstep-merge-pull-refs[0m
DEBUG: ran git fetch origin afc5811d791c59d6e0ad3682e76a7a85a1363a33: c18308e015f72397e02b8f7aa176441e71b4a164: in 
DEBUG: Unshallowed git repo in 
DEBUG: ran git checkout master in 
DEBUG: ran git reset --hard c18308e015f72397e02b8f7aa176441e71b4a164 in 
DEBUG: ran clean --force -d . in 
DEBUG: ran git merge afc5811d791c59d6e0ad3682e76a7a85a1363a33 in 
Merged SHA afc5811d791c59d6e0ad3682e76a7a85a1363a33 with commit message 'My first PR commit' into base branch master

Showing logs for build [32mcb-kubecd-bdd-gh-1568235992-pr-1[0m stage [32mmeta-pipeline[0m and container [32mstep-create-effective-pipeline[0m
Deleting and cloning the Jenkins X versions repo
Cloning the Jenkins X versions repo https://github.com/jenkins-x/jenkins-x-versions.git with ref refs/heads/master to /builder/home/.**/jenkins-x-versions
Effective pipeline written to jenkins-x-serverless-jenkins-effective.yml

Showing logs for build [32mcb-kubecd-bdd-gh-1568235992-pr-1[0m stage [32mmeta-pipeline[0m and container [32mstep-create-tekton-crds[0m
PipelineActivity for cb-kubecd-bdd-gh-1568235992-PR-1-1
Applying changes 
upserted PipelineResource cb-kubecd-bdd-gh-1568235992-pr for the git repository https://github.com/cb-kubecd/bdd-gh-1568235992.git
upserted Task cb-kubecd-bdd-gh-1568235992-pr-from-build-pack-1
upserted Pipeline cb-kubecd-bdd-gh-1568235992-pr-1
created PipelineRun cb-kubecd-bdd-gh-1568235992-pr-1
created PipelineStructure cb-kubecd-bdd-gh-1568235992-pr-1

Showing logs for build [32mcb-kubecd-bdd-gh-1568235992-pr-1[0m stage [32mfrom-build-pack[0m and container [32mstep-credential-initializer-ftp6h[0m
{"level":"warn","ts":1568236251.2440856,"logger":"fallback-logger","caller":"logging/config.go:69","msg":"Fetch GitHub commit ID from kodata failed: \"ref: refs/heads/master\" is not a valid GitHub commit ID"}
{"level":"info","ts":1568236251.2446394,"logger":"fallback-logger","caller":"creds-init/main.go:40","msg":"Credentials initialized."}

Showing logs for build [32mcb-kubecd-bdd-gh-1568235992-pr-1[0m stage [32mfrom-build-pack[0m and container [32mstep-working-dir-initializer-jmdkk[0m
{"level":"warn","ts":1568236252.2858465,"logger":"fallback-logger","caller":"logging/config.go:69","msg":"Fetch GitHub commit ID from kodata failed: open /var/run/ko/HEAD: no such file or directory"}
{"level":"info","ts":1568236252.2971177,"logger":"fallback-logger","caller":"bash/main.go:65","msg":"Successfully executed command \"mkdir -p /workspace/source /workspace/source/charts/preview\""}

Showing logs for build [32mcb-kubecd-bdd-gh-1568235992-pr-1[0m stage [32mfrom-build-pack[0m and container [32mstep-place-tools[0m

Showing logs for build [32mcb-kubecd-bdd-gh-1568235992-pr-1[0m stage [32mfrom-build-pack[0m and container [32mstep-git-source-cb-kubecd-bdd-gh-1568235992-pr-thm52[0m
{"level":"warn","ts":1568236259.3843338,"logger":"fallback-logger","caller":"logging/config.go:69","msg":"Fetch GitHub commit ID from kodata failed: \"ref: refs/heads/master\" is not a valid GitHub commit ID"}
{"level":"info","ts":1568236260.4593694,"logger":"fallback-logger","caller":"git/git.go:102","msg":"Successfully cloned https://github.com/cb-kubecd/bdd-gh-1568235992.git @ master in path /workspace/source"}

Showing logs for build [32mcb-kubecd-bdd-gh-1568235992-pr-1[0m stage [32mfrom-build-pack[0m and container [32mstep-git-merge[0m
Using SHAs from PULL_REFS=master:c18308e015f72397e02b8f7aa176441e71b4a164,1:afc5811d791c59d6e0ad3682e76a7a85a1363a33
DEBUG: ran git fetch --unshallow origin afc5811d791c59d6e0ad3682e76a7a85a1363a33: c18308e015f72397e02b8f7aa176441e71b4a164: in 
DEBUG: ran git checkout master in 
DEBUG: ran git reset --hard c18308e015f72397e02b8f7aa176441e71b4a164 in 
DEBUG: ran clean --force -d . in 
DEBUG: ran git merge afc5811d791c59d6e0ad3682e76a7a85a1363a33 in 
Merged SHA afc5811d791c59d6e0ad3682e76a7a85a1363a33 with commit message 'My first PR commit' into base branch master

Showing logs for build [32mcb-kubecd-bdd-gh-1568235992-pr-1[0m stage [32mfrom-build-pack[0m and container [32mstep-build-make-linux[0m
CGO_ENABLED=0 GOOS=linux GOARCH=amd64 GO15VENDOREXPERIMENT=1 go build -ldflags '' -o bin/bdd-gh-1568235992 main.go

Showing logs for build [32mcb-kubecd-bdd-gh-1568235992-pr-1[0m stage [32mfrom-build-pack[0m and container [32mstep-build-container-build[0m
[36mINFO[0m[0000] No base image, nothing to extract            
[36mINFO[0m[0000] cmd: EXPOSE                                  
[36mINFO[0m[0000] Adding exposed port: 8080/tcp                
[36mINFO[0m[0000] Using files from context: [/workspace/source/bin] 
[36mINFO[0m[0000] Skipping unpacking as no commands require it. 
[36mINFO[0m[0000] Taking snapshot of full filesystem...        
[36mINFO[0m[0000] EXPOSE 8080                                  
[36mINFO[0m[0000] cmd: EXPOSE                                  
[36mINFO[0m[0000] Adding exposed port: 8080/tcp                
[36mINFO[0m[0000] No files changed in this command, skipping snapshotting. 
[36mINFO[0m[0000] ENTRYPOINT ["/bdd-gh-1568235992"]            
[36mINFO[0m[0000] No files changed in this command, skipping snapshotting. 
[36mINFO[0m[0000] Using files from context: [/workspace/source/bin] 
[36mINFO[0m[0000] COPY ./bin/ /                                
[36mINFO[0m[0000] Taking snapshot of files...                  
2019/09/11 21:11:30 pushed blob: sha256:803bce59d285ec285e4069af6ac105e94fe0401bcde0b9db1fe8ad4aaec894b0
2019/09/11 21:11:30 pushed blob: sha256:83ee34b782b2cb95532e1eec813759e34bc9ed229b0f9a3661b021d6dfdf6297
2019/09/11 21:11:32 gcr.io/jenkins-x-bdd3/bdd-gh-1568235992:0.0.0-SNAPSHOT-PR-1-1: digest: sha256:23d641e37345dafc506642d1b997c1bd58868148d70569060f7d8aedd9ceef88 size: 428

Showing logs for build [32mcb-kubecd-bdd-gh-1568235992-pr-1[0m stage [32mfrom-build-pack[0m and container [32mstep-postbuild-post-build[0m
no CVE provider running in the current ** namespace so skip adding image to be analysed

Showing logs for build [32mcb-kubecd-bdd-gh-1568235992-pr-1[0m stage [32mfrom-build-pack[0m and container [32mstep-promote-make-preview[0m
sed -i -e "s/version:.*/version: 0.0.0-SNAPSHOT-PR-1-1/" Chart.yaml
sed -i -e "s/version:.*/version: 0.0.0-SNAPSHOT-PR-1-1/" ../*/Chart.yaml
sed -i -e "s|repository:.*|repository: gcr.io\/jenkins-x-bdd3\/bdd-gh-1568235992|" values.yaml
sed -i -e "s/tag:.*/tag: 0.0.0-SNAPSHOT-PR-1-1/" values.yaml
echo "  version: 0.0.0-SNAPSHOT-PR-1-1" >> requirements.yaml
** step helm build
WARNING: No $CHART_REPOSITORY defined so using the default value of: http://jenkins-x-chartmuseum:8080
Adding missing Helm repo: storage.googleapis.com https://storage.googleapis.com/chartmuseum.jenkins-x.io
Successfully added Helm repository storage.googleapis.com.
Adding missing Helm repo: jenkins-x-chartmuseum http://jenkins-x-chartmuseum:8080
Successfully added Helm repository jenkins-x-chartmuseum.
WARNING: No $CHART_REPOSITORY defined so using the default value of: http://jenkins-x-chartmuseum:8080
Adding missing Helm repo: chartmuseum.jenkins-x.io http://chartmuseum.jenkins-x.io
Successfully added Helm repository chartmuseum.jenkins-x.io.

Showing logs for build [32mcb-kubecd-bdd-gh-1568235992-pr-1[0m stage [32mfrom-build-pack[0m and container [32mstep-promote-jx-preview[0m
Creating a preview
WARNING: No author for commit: afc5811d791c59d6e0ad3682e76a7a85a1363a33
Created environment cb-kubecd-bdd-gh-1568235992-pr-1
Namespace **-cb-kubecd-bdd-gh-1568235992-pr-1 created 
expose:
  Annotations:
    helm.sh/hook: post-install,post-upgrade
    helm.sh/hook-delete-policy: hook-succeeded
  config:
    domain: 35.205.212.159.nip.io
    exposer: Ingress
    http: "true"
preview:
  image:
    repository: gcr.io/jenkins-x-bdd3/bdd-gh-1568235992
    tag: 0.0.0-SNAPSHOT-PR-1-1
Deleting and cloning the Jenkins X versions repo
Cloning the Jenkins X versions repo https://github.com/jenkins-x/jenkins-x-versions.git with ref refs/heads/master to /builder/home/.**/jenkins-x-versions


Updating PipelineActivities cb-kubecd-bdd-gh-1568235992-pr-1-1 which has status Running
WARNING: preview application http://bdd-gh-1568235992.**-cb-kubecd-bdd-gh-1568235992-pr-1.35.205.212.159.nip.io not available, error was 503 503 Service Temporarily Unavailable, delaying for: 1.252573036s
Preview application is now available at: http://bdd-gh-1568235992.**-cb-kubecd-bdd-gh-1568235992-pr-1.35.205.212.159.nip.io
